<?xml version="1.0" encoding="UTF-8"?>
<!-- Generated by org.testng.reporters.JUnitXMLReporter -->
<testsuite ignored="0" hostname="DESKTOP-TETEIV8" failures="0" tests="5" name="Default test" time="7.061" errors="0" timestamp="2024-05-23T11:39:29 BDT">
  <testcase classname="automationProject1.Testing1" name="TestURL" time="0.034"/>
  <testcase classname="automationProject1.Testing1" name="TestTittle" time="0.02"/>
  <testcase classname="automationProject1.Testing1" name="testUserNameAndPassword" time="0.71"/>
  <testcase classname="automationProject1.Testing1" name="addItemToCart" time="0.192"/>
  <testcase classname="automationProject1.Testing1" name="clickOnInventoryItem" time="0.218"/>
</testsuite> <!-- Default test -->
