<?xml version="1.0" encoding="UTF-8"?>
<testng-results ignored="0" total="2" passed="2" failed="0" skipped="0">
  <reporter-output>
  </reporter-output>
  <suite started-at="2024-05-04T14:47:33 BDT" name="Default suite" finished-at="2024-05-04T14:47:37 BDT" duration-ms="4381">
    <groups>
    </groups>
    <test started-at="2024-05-04T14:47:33 BDT" name="Default test" finished-at="2024-05-04T14:47:37 BDT" duration-ms="4381">
      <class name="automationProject1.Testing1">
        <test-method is-config="true" signature="init()[pri:0, instance:automationProject1.Testing1@f78a47e]" started-at="2024-05-04T14:47:33 BDT" name="init" finished-at="2024-05-04T14:47:37 BDT" duration-ms="4178" status="PASS">
          <reporter-output>
          </reporter-output>
        </test-method> <!-- init -->
        <test-method signature="TestTittle()[pri:0, instance:automationProject1.Testing1@f78a47e]" started-at="2024-05-04T14:47:37 BDT" name="TestTittle" finished-at="2024-05-04T14:47:37 BDT" duration-ms="26" status="PASS">
          <reporter-output>
          </reporter-output>
        </test-method> <!-- TestTittle -->
        <test-method signature="TestURL()[pri:0, instance:automationProject1.Testing1@f78a47e]" started-at="2024-05-04T14:47:37 BDT" name="TestURL" finished-at="2024-05-04T14:47:37 BDT" duration-ms="17" status="PASS">
          <reporter-output>
          </reporter-output>
        </test-method> <!-- TestURL -->
      </class> <!-- automationProject1.Testing1 -->
    </test> <!-- Default test -->
  </suite> <!-- Default suite -->
</testng-results>
